20161215 12:17:59 connect wifi roobo_test1234
20161215 12:18:21 connect wifi sucess
20161215 12:18:51 =================== testtimes : 1 ===================
20161215 12:18:54 download size: 189645379 , total size: 289382033
20161215 12:18:54 remove wifi conenct
20161215 12:18:55 remove wifi sucess
20161215 12:18:58 svc disable wifi conenct
20161215 12:19:04 disable wifi sucess
20161215 12:19:10 already enable wifi
20161215 12:19:30 connect wifi roobo_test1234
20161215 12:19:51 connect wifi sucess
20161215 12:20:24 download size: 262506534 , total size: 289382033
20161215 12:20:29 download size: 271280958 , total size: 289382033
20161215 12:20:35 download size: 280668990 , total size: 289382033
20161215 12:20:40 download size: 289382033 , total size: 289382033
20161215 12:20:58 fdff8e3f25acdfc47f55e22627f969d0  /sdcard/Download/update-dde5dfa6-7213-4561-9.zip
20161215 12:20:58 default md5 is: FDFF8E3F25ACDFC47F55E22627F969D0 , download file md5 is: fdff8e3f25acdfc47f55e22627f969d0
20161215 12:22:28 device start upgrade...
20161215 12:24:07 adb connect sucess
20161215 12:24:08 rom update success

20161215 12:24:08 =================== testtimes : 2 ===================
