20161214 17:59:43 connect wifi roobo_test1234
20161214 18:00:04 connect wifi sucess
20161214 18:00:34 =================== testtimes : 1 ===================
20161214 18:00:37 download size: 68083009 , total size: 289382033
20161214 18:00:37 reboot device and sleep 20s
20161214 18:01:03 adb connect sucess
20161214 18:01:33 already connect wifi
20161214 18:02:01 download size: 104992768 , total size: 289382033
20161214 18:02:01 remove wifi conenct
20161214 18:02:02 remove wifi sucess
20161214 18:02:05 svc disable wifi conenct
20161214 18:02:10 disable wifi sucess
20161214 18:02:13 already enable wifi sucess
20161214 18:02:33 connect wifi roobo_test1234
20161214 18:02:55 connect wifi sucess
20161214 18:03:28 download size: 121735022 , total size: 289382033
20161214 18:03:28 remove wifi conenct
20161214 18:03:28 remove wifi sucess
20161214 18:03:31 svc disable wifi conenct
20161214 18:03:36 disable wifi sucess
20161214 18:03:39 already enable wifi sucess
20161214 18:03:59 connect wifi roobo_test1234
20161214 18:04:21 connect wifi sucess
20161214 18:04:55 download size: 173155536 , total size: 289382033
20161214 18:04:55 remove wifi conenct
20161214 18:04:56 remove wifi sucess
20161214 18:04:59 svc disable wifi conenct
20161214 18:05:06 disable wifi sucess
20161214 18:05:09 already enable wifi sucess
20161214 18:05:29 connect wifi roobo_test1234
20161214 18:05:51 connect wifi sucess
20161214 18:06:24 download size: 219880338 , total size: 289382033
20161214 18:06:29 download size: 225847866 , total size: 289382033
20161214 18:06:34 download size: 229775154 , total size: 289382033
20161214 18:06:41 download size: 235827122 , total size: 289382033
20161214 18:06:46 download size: 241334626 , total size: 289382033
20161214 18:06:51 download size: 245668194 , total size: 289382033
20161214 18:06:56 download size: 251334114 , total size: 289382033
20161214 18:07:01 download size: 256520850 , total size: 289382033
20161214 18:07:06 download size: 262923170 , total size: 289382033
20161214 18:07:11 download size: 270081370 , total size: 289382033
20161214 18:07:16 download size: 275921762 , total size: 289382033
20161214 18:07:22 download size: 280796002 , total size: 289382033
20161214 18:07:27 download size: 287247410 , total size: 289382033
20161214 18:07:32 download size: 289382033 , total size: 289382033
20161214 18:07:51 fdff8e3f25acdfc47f55e22627f969d0  /sdcard/Download/update-4fd6b37f-685f-4897-9.zip
20161214 18:07:51 default md5 is: FDFF8E3F25ACDFC47F55E22627F969D0 , download file md5 is : fdff8e3f25acdfc47f55e22627f969d0
20161214 18:09:22 device start upgrade...
20161214 18:10:44 adb connect sucess
20161214 18:10:44 rom update success

20161214 18:10:44 =================== testtimes : 2 ===================
